..\..\genericServer\Debug\serverDebugDll.ilk
..\..\genericServer\Debug\serverDebugDll.pdb
C:\USERS\MIKE\DOCUMENTS\VISUAL STUDIO 2010\PROJECTS\GENERICSERVER\DEBUG\SERVERDEBUGDLL.DLL
C:\Users\Mike\Documents\Visual Studio 2010\Projects\genericServer\Debug\serverDebugDll.exp
C:\USERS\MIKE\DOCUMENTS\VISUAL STUDIO 2010\PROJECTS\GENERICSERVER\DEBUG\SERVERDEBUGDLL.ILK
C:\Users\Mike\Documents\Visual Studio 2010\Projects\genericServer\Debug\serverDebugDll.lib
C:\USERS\MIKE\DOCUMENTS\VISUAL STUDIO 2010\PROJECTS\GENERICSERVER\DEBUG\SERVERDEBUGDLL.PDB
C:\Users\Mike\Documents\Visual Studio 2010\Projects\serverDebugDll\serverDebugDll\..\..\genericServer\Debug\serverDebugDll.dll
C:\Users\Mike\Documents\Visual Studio 2010\Projects\serverDebugDll\serverDebugDll\Debug\cl.command.1.tlog
C:\Users\Mike\Documents\Visual Studio 2010\Projects\serverDebugDll\serverDebugDll\Debug\CL.read.1.tlog
C:\Users\Mike\Documents\Visual Studio 2010\Projects\serverDebugDll\serverDebugDll\Debug\CL.write.1.tlog
C:\USERS\MIKE\DOCUMENTS\VISUAL STUDIO 2010\PROJECTS\SERVERDEBUGDLL\SERVERDEBUGDLL\DEBUG\DLLINTERFACE.OBJ
C:\Users\Mike\Documents\Visual Studio 2010\Projects\serverDebugDll\serverDebugDll\Debug\link.1232.read.1.tlog
C:\Users\Mike\Documents\Visual Studio 2010\Projects\serverDebugDll\serverDebugDll\Debug\link.1232.write.1.tlog
C:\Users\Mike\Documents\Visual Studio 2010\Projects\serverDebugDll\serverDebugDll\Debug\link.1232-cvtres.read.1.tlog
C:\Users\Mike\Documents\Visual Studio 2010\Projects\serverDebugDll\serverDebugDll\Debug\link.1232-cvtres.write.1.tlog
C:\Users\Mike\Documents\Visual Studio 2010\Projects\serverDebugDll\serverDebugDll\Debug\link.2648.read.1.tlog
C:\Users\Mike\Documents\Visual Studio 2010\Projects\serverDebugDll\serverDebugDll\Debug\link.2648.write.1.tlog
C:\Users\Mike\Documents\Visual Studio 2010\Projects\serverDebugDll\serverDebugDll\Debug\link.2648-cvtres.read.1.tlog
C:\Users\Mike\Documents\Visual Studio 2010\Projects\serverDebugDll\serverDebugDll\Debug\link.2648-cvtres.write.1.tlog
C:\Users\Mike\Documents\Visual Studio 2010\Projects\serverDebugDll\serverDebugDll\Debug\link.4492.read.1.tlog
C:\Users\Mike\Documents\Visual Studio 2010\Projects\serverDebugDll\serverDebugDll\Debug\link.4492.write.1.tlog
C:\Users\Mike\Documents\Visual Studio 2010\Projects\serverDebugDll\serverDebugDll\Debug\link.4492-cvtres.read.1.tlog
C:\Users\Mike\Documents\Visual Studio 2010\Projects\serverDebugDll\serverDebugDll\Debug\link.4492-cvtres.write.1.tlog
C:\Users\Mike\Documents\Visual Studio 2010\Projects\serverDebugDll\serverDebugDll\Debug\link.command.1.tlog
C:\Users\Mike\Documents\Visual Studio 2010\Projects\serverDebugDll\serverDebugDll\Debug\link.read.1.tlog
C:\Users\Mike\Documents\Visual Studio 2010\Projects\serverDebugDll\serverDebugDll\Debug\link.write.1.tlog
C:\Users\Mike\Documents\Visual Studio 2010\Projects\serverDebugDll\serverDebugDll\Debug\link-cvtres.read.1.tlog
C:\Users\Mike\Documents\Visual Studio 2010\Projects\serverDebugDll\serverDebugDll\Debug\link-cvtres.write.1.tlog
C:\Users\Mike\Documents\Visual Studio 2010\Projects\serverDebugDll\serverDebugDll\Debug\mt.command.1.tlog
C:\Users\Mike\Documents\Visual Studio 2010\Projects\serverDebugDll\serverDebugDll\Debug\mt.read.1.tlog
C:\Users\Mike\Documents\Visual Studio 2010\Projects\serverDebugDll\serverDebugDll\Debug\mt.write.1.tlog
C:\Users\Mike\Documents\Visual Studio 2010\Projects\serverDebugDll\serverDebugDll\Debug\rc.command.1.tlog
C:\Users\Mike\Documents\Visual Studio 2010\Projects\serverDebugDll\serverDebugDll\Debug\rc.read.1.tlog
C:\Users\Mike\Documents\Visual Studio 2010\Projects\serverDebugDll\serverDebugDll\Debug\rc.write.1.tlog
C:\USERS\MIKE\DOCUMENTS\VISUAL STUDIO 2010\PROJECTS\SERVERDEBUGDLL\SERVERDEBUGDLL\DEBUG\SERVERDEBUGDLL.DLL.EMBED.MANIFEST
C:\USERS\MIKE\DOCUMENTS\VISUAL STUDIO 2010\PROJECTS\SERVERDEBUGDLL\SERVERDEBUGDLL\DEBUG\SERVERDEBUGDLL.DLL.EMBED.MANIFEST.RES
C:\USERS\MIKE\DOCUMENTS\VISUAL STUDIO 2010\PROJECTS\SERVERDEBUGDLL\SERVERDEBUGDLL\DEBUG\SERVERDEBUGDLL.DLL.INTERMEDIATE.MANIFEST
C:\USERS\MIKE\DOCUMENTS\VISUAL STUDIO 2010\PROJECTS\SERVERDEBUGDLL\SERVERDEBUGDLL\DEBUG\SERVERDEBUGDLL.OBJ
C:\Users\Mike\Documents\Visual Studio 2010\Projects\serverDebugDll\serverDebugDll\Debug\serverDebugDll.write.1.tlog
C:\Users\Mike\Documents\Visual Studio 2010\Projects\serverDebugDll\serverDebugDll\Debug\serverDebugDll_manifest.rc
C:\Users\Mike\Documents\Visual Studio 2010\Projects\serverDebugDll\serverDebugDll\Debug\vc100.idb
C:\USERS\MIKE\DOCUMENTS\VISUAL STUDIO 2010\PROJECTS\SERVERDEBUGDLL\SERVERDEBUGDLL\DEBUG\VC100.PDB
